<?xml version="1.0" encoding="UTF-8"?>
<!-- Generated by org.testng.reporters.JUnitReportReporter -->
<testsuite skipped="2" hostname="Dell" name="TstngPackage.testngDemo3" tests="7" failures="0" timestamp="21 Jan 2020 14:58:34 GMT" time="0.036" errors="1">
  <testcase name="acceptData" time="0.009" classname="TstngPackage.testngDemo3"/>
  <testcase name="fmdemo33" time="0.000" classname="TstngPackage.testngDemo3">
    <skipped/>
  </testcase> <!-- fmdemo33 -->
  <testcase name="fndemo1" time="0.008" classname="TstngPackage.testngDemo3"/>
  <testcase name="acceptData" time="0.009" classname="TstngPackage.testngDemo3"/>
  <testcase name="zmDemo31" time="0.001" classname="TstngPackage.testngDemo3">
    <error type="org.testng.TestNGException" message="
Parameter &#039;URL&#039; is required by @Test on method zmDemo31 but has not been marked @Optional or defined
in D:\shwetha\selenium\workspace1\TestNG\testng.xml">
      <![CDATA[org.testng.TestNGException: 
Parameter 'URL' is required by @Test on method zmDemo31 but has not been marked @Optional or defined
in D:\shwetha\selenium\workspace1\TestNG\testng.xml
at org.testng.internal.Parameters.createParams(Parameters.java:290)
at org.testng.internal.Parameters.createParametersForMethod(Parameters.java:359)
at org.testng.internal.Parameters.createParameters(Parameters.java:620)
at org.testng.internal.Parameters.handleParameters(Parameters.java:769)
at org.testng.internal.ParameterHandler.handleParameters(ParameterHandler.java:49)
at org.testng.internal.ParameterHandler.createParameters(ParameterHandler.java:37)
at org.testng.internal.Invoker.invokeTestMethods(Invoker.java:923)
at org.testng.internal.TestMethodWorker.invokeTestMethods(TestMethodWorker.java:125)
at org.testng.internal.TestMethodWorker.run(TestMethodWorker.java:109)
at org.testng.TestRunner.privateRun(TestRunner.java:648)
at org.testng.TestRunner.run(TestRunner.java:505)
at org.testng.SuiteRunner.runTest(SuiteRunner.java:455)
at org.testng.SuiteRunner.runSequentially(SuiteRunner.java:450)
at org.testng.SuiteRunner.privateRun(SuiteRunner.java:415)
at org.testng.SuiteRunner.run(SuiteRunner.java:364)
at org.testng.SuiteRunnerWorker.runSuite(SuiteRunnerWorker.java:52)
at org.testng.SuiteRunnerWorker.run(SuiteRunnerWorker.java:84)
at org.testng.TestNG.runSuitesSequentially(TestNG.java:1208)
at org.testng.TestNG.runSuitesLocally(TestNG.java:1137)
at org.testng.TestNG.runSuites(TestNG.java:1049)
at org.testng.TestNG.run(TestNG.java:1017)
at org.testng.remote.AbstractRemoteTestNG.run(AbstractRemoteTestNG.java:114)
at org.testng.remote.RemoteTestNG.initAndRun(RemoteTestNG.java:251)
at org.testng.remote.RemoteTestNG.main(RemoteTestNG.java:77)
]]>
    </error>
  </testcase> <!-- zmDemo31 -->
  <testcase name="acceptData" time="0.009" classname="TstngPackage.testngDemo3"/>
  <testcase name="fmDemo32" classname="TstngPackage.testngDemo3">
    <skipped/>
  </testcase> <!-- fmDemo32 -->
</testsuite> <!-- TstngPackage.testngDemo3 -->
