<?xml version="1.0" encoding="UTF-8"?>
<!-- Generated by org.testng.reporters.JUnitXMLReporter -->
<testsuite hostname="Dell" ignored="1" name="Car Loan" tests="6" failures="1" timestamp="21 Jan 2020 14:58:34 GMT" time="0.157" errors="0">
  <testcase name="fndemo1" time="0.007" classname="TstngPackage.testngDemo3"/>
  <testcase name="zmDemo31" time="0.0" classname="TstngPackage.testngDemo3">
    <failure type="org.testng.TestNGException" message="
Parameter &amp;apos;URL&amp;apos; is required by @Test on method zmDemo31 but has not been marked @Optional or defined
in D:\shwetha\selenium\workspace1\TestNG\testng.xml">
      <![CDATA[org.testng.TestNGException: 
Parameter 'URL' is required by @Test on method zmDemo31 but has not been marked @Optional or defined
in D:\shwetha\selenium\workspace1\TestNG\testng.xml
... Removed 24 stack frames]]>
    </failure>
  </testcase> <!-- zmDemo31 -->
  <testcase name="acceptData" time="0.009" classname="TstngPackage.testngDemo3"/>
  <testcase name="acceptData" time="0.008" classname="TstngPackage.testngDemo3"/>
  <testcase name="acceptData" time="0.008" classname="TstngPackage.testngDemo3"/>
  <testcase name="fmdemo33" time="0.0" classname="TstngPackage.testngDemo3">
    <skipped/>
  </testcase> <!-- fmdemo33 -->
  <testcase name="fmDemo32" time="0.0" classname="TstngPackage.testngDemo3">
    <ignored/>
  </testcase> <!-- fmDemo32 -->
</testsuite> <!-- Car Loan -->
